<?xml version="1.0" encoding="UTF-8"?>
<testsuite xmlns:xsi="http://www.w3.org/2001/XMLSchema-instance" xsi:noNamespaceSchemaLocation="https://maven.apache.org/surefire/maven-surefire-plugin/xsd/surefire-test-report-3.0.xsd" version="3.0" name="fr.insa.maven.demo.demoMavenProject.ValidateurTest" time="3.271" tests="3" errors="0" skipped="0" failures="0">
  <properties>
    <property name="java.specification.version" value="21"/>
    <property name="sun.cpu.isalist" value="amd64"/>
    <property name="sun.jnu.encoding" value="Cp1252"/>
    <property name="java.class.path" value="C:\Users\aboub\PDLA\CHAT-SYSTEM\target\test-classes;C:\Users\aboub\PDLA\CHAT-SYSTEM\target\classes;C:\Users\aboub\.m2\repository\org\junit\jupiter\junit-jupiter-api\5.10.0\junit-jupiter-api-5.10.0.jar;C:\Users\aboub\.m2\repository\org\opentest4j\opentest4j\1.3.0\opentest4j-1.3.0.jar;C:\Users\aboub\.m2\repository\org\junit\platform\junit-platform-commons\1.10.0\junit-platform-commons-1.10.0.jar;C:\Users\aboub\.m2\repository\org\apiguardian\apiguardian-api\1.1.2\apiguardian-api-1.1.2.jar;C:\Users\aboub\.m2\repository\org\junit\jupiter\junit-jupiter-engine\5.10.0\junit-jupiter-engine-5.10.0.jar;C:\Users\aboub\.m2\repository\org\junit\platform\junit-platform-engine\1.10.0\junit-platform-engine-1.10.0.jar;C:\Users\aboub\.m2\repository\com\mysql\mysql-connector-j\8.0.33\mysql-connector-j-8.0.33.jar;C:\Users\aboub\.m2\repository\com\google\protobuf\protobuf-java\3.21.9\protobuf-java-3.21.9.jar;C:\Users\aboub\.m2\repository\com\h2database\h2\2.2.220\h2-2.2.220.jar;"/>
    <property name="sun.awt.enableExtraMouseButtons" value="true"/>
    <property name="java.vm.vendor" value="Eclipse Adoptium"/>
    <property name="sun.arch.data.model" value="64"/>
    <property name="user.variant" value=""/>
    <property name="java.vendor.url" value="https://adoptium.net/"/>
    <property name="user.timezone" value="Europe/Paris"/>
    <property name="os.name" value="Windows 11"/>
    <property name="java.vm.specification.version" value="21"/>
    <property name="sun.java.launcher" value="SUN_STANDARD"/>
    <property name="user.country" value="FR"/>
    <property name="sun.boot.library.path" value="C:\Users\aboub\Downloads\bin"/>
    <property name="sun.java.command" value="C:\Users\aboub\AppData\Local\Temp\surefire5772636213189782862\surefirebooter-20241206232008112_3.jar C:\Users\aboub\AppData\Local\Temp\surefire5772636213189782862 2024-12-06T23-20-07_613-jvmRun1 surefire-20241206232008112_1tmp surefire_0-20241206232008112_2tmp"/>
    <property name="jdk.debug" value="release"/>
    <property name="surefire.test.class.path" value="C:\Users\aboub\PDLA\CHAT-SYSTEM\target\test-classes;C:\Users\aboub\PDLA\CHAT-SYSTEM\target\classes;C:\Users\aboub\.m2\repository\org\junit\jupiter\junit-jupiter-api\5.10.0\junit-jupiter-api-5.10.0.jar;C:\Users\aboub\.m2\repository\org\opentest4j\opentest4j\1.3.0\opentest4j-1.3.0.jar;C:\Users\aboub\.m2\repository\org\junit\platform\junit-platform-commons\1.10.0\junit-platform-commons-1.10.0.jar;C:\Users\aboub\.m2\repository\org\apiguardian\apiguardian-api\1.1.2\apiguardian-api-1.1.2.jar;C:\Users\aboub\.m2\repository\org\junit\jupiter\junit-jupiter-engine\5.10.0\junit-jupiter-engine-5.10.0.jar;C:\Users\aboub\.m2\repository\org\junit\platform\junit-platform-engine\1.10.0\junit-platform-engine-1.10.0.jar;C:\Users\aboub\.m2\repository\com\mysql\mysql-connector-j\8.0.33\mysql-connector-j-8.0.33.jar;C:\Users\aboub\.m2\repository\com\google\protobuf\protobuf-java\3.21.9\protobuf-java-3.21.9.jar;C:\Users\aboub\.m2\repository\com\h2database\h2\2.2.220\h2-2.2.220.jar;"/>
    <property name="sun.cpu.endian" value="little"/>
    <property name="user.home" value="C:\Users\aboub"/>
    <property name="user.language" value="fr"/>
    <property name="java.specification.vendor" value="Oracle Corporation"/>
    <property name="java.version.date" value="2024-10-15"/>
    <property name="java.home" value="C:\Users\aboub\Downloads"/>
    <property name="file.separator" value="\"/>
    <property name="basedir" value="C:\Users\aboub\PDLA\CHAT-SYSTEM"/>
    <property name="java.vm.compressedOopsMode" value="32-bit"/>
    <property name="line.separator" value="&#10;"/>
    <property name="java.vm.specification.vendor" value="Oracle Corporation"/>
    <property name="java.specification.name" value="Java Platform API Specification"/>
    <property name="surefire.real.class.path" value="C:\Users\aboub\AppData\Local\Temp\surefire5772636213189782862\surefirebooter-20241206232008112_3.jar"/>
    <property name="user.script" value=""/>
    <property name="sun.management.compiler" value="HotSpot 64-Bit Tiered Compilers"/>
    <property name="java.runtime.version" value="21.0.5+11-LTS"/>
    <property name="user.name" value="aboub"/>
    <property name="stdout.encoding" value="Cp1252"/>
    <property name="path.separator" value=";"/>
    <property name="os.version" value="10.0"/>
    <property name="java.runtime.name" value="OpenJDK Runtime Environment"/>
    <property name="file.encoding" value="UTF-8"/>
    <property name="java.vm.name" value="OpenJDK 64-Bit Server VM"/>
    <property name="java.vendor.version" value="Temurin-21.0.5+11"/>
    <property name="localRepository" value="C:\Users\aboub\.m2\repository"/>
    <property name="java.vendor.url.bug" value="https://github.com/adoptium/adoptium-support/issues"/>
    <property name="java.io.tmpdir" value="C:\Users\aboub\AppData\Local\Temp\"/>
    <property name="java.version" value="21.0.5"/>
    <property name="user.dir" value="C:\Users\aboub\PDLA\CHAT-SYSTEM"/>
    <property name="os.arch" value="amd64"/>
    <property name="java.vm.specification.name" value="Java Virtual Machine Specification"/>
    <property name="sun.os.patch.level" value=""/>
    <property name="native.encoding" value="Cp1252"/>
    <property name="java.library.path" value="C:\Users\aboub\Downloads\bin;C:\WINDOWS\Sun\Java\bin;C:\WINDOWS\system32;C:\WINDOWS;C:\Windows\system32;C:\Windows;C:\Windows\System32\Wbem;C:\Windows\System32\WindowsPowerShell\v1.0\;C:\Windows\System32\OpenSSH\;C:\Program Files (x86)\NVIDIA Corporation\PhysX\Common;C:\Program Files\NVIDIA Corporation\NVIDIA NvDLISR;C:\WINDOWS\system32;C:\WINDOWS;C:\WINDOWS\System32\Wbem;C:\WINDOWS\System32\WindowsPowerShell\v1.0\;C:\WINDOWS\System32\OpenSSH\;C:\Program Files (x86)\STMicroelectronics\STM32 ST-LINK Utility\ST-LINK Utility;C:\Program Files\Git\cmd;C:\Program Files\MySQL\MySQL Shell 8.0\bin\;C:\Users\aboub\Downloads\bin;C:\Users\aboub\AppData\Local\Microsoft\WindowsApps;C:\Users\aboub\AppData\Local\Programs\Microsoft VS Code\bin;C:\Users\aboub\Downloads\apache-maven-3.9.9\bin;C:\Users\aboub\AppData\Local\JetBrains\Toolbox\scripts;C:\Users\aboub\Downloads\apache-maven-3.9.9\bin;;."/>
    <property name="java.vm.info" value="mixed mode, sharing"/>
    <property name="stderr.encoding" value="Cp1252"/>
    <property name="java.vendor" value="Eclipse Adoptium"/>
    <property name="java.vm.version" value="21.0.5+11-LTS"/>
    <property name="sun.io.unicode.encoding" value="UnicodeLittle"/>
    <property name="java.class.version" value="65.0"/>
  </properties>
  <testcase name="testValiderMissionAvecBenevole" classname="fr.insa.maven.demo.demoMavenProject.ValidateurTest" time="2.913">
    <system-out><![CDATA[Base de données vérifiée ou créée : test_db
Sortie MySQL :
Erreurs MySQL :
Fichier SQL exécuté avec succès via MySQL CLI.
Échec de la mise à jour dans la base de données pour la mission : Soins médicaux
]]></system-out>
    <system-err><![CDATA[mysql: [Warning] Using a password on the command line interface can be insecure.
]]></system-err>
  </testcase>
  <testcase name="testValiderMissionAvecEmplacementInvalide" classname="fr.insa.maven.demo.demoMavenProject.ValidateurTest" time="0.208">
    <system-out><![CDATA[Base de données vérifiée ou créée : test_db
Sortie MySQL :
Erreurs MySQL :
Fichier SQL exécuté avec succès via MySQL CLI.
]]></system-out>
    <system-err><![CDATA[mysql: [Warning] Using a password on the command line interface can be insecure.
]]></system-err>
  </testcase>
  <testcase name="testValiderMissionSansBenevole" classname="fr.insa.maven.demo.demoMavenProject.ValidateurTest" time="0.143">
    <system-out><![CDATA[Base de données vérifiée ou créée : test_db
Sortie MySQL :
Erreurs MySQL :
Fichier SQL exécuté avec succès via MySQL CLI.
]]></system-out>
    <system-err><![CDATA[mysql: [Warning] Using a password on the command line interface can be insecure.
]]></system-err>
  </testcase>
</testsuite>